Arguments: 
  C:\Program Files\nodejs\node.exe C:\Users\Naveen\AppData\Roaming\npm\node_modules\yarn\bin\yarn.js init

PATH: 
  C:\Users\Naveen\bin;C:\Program Files\Git\mingw64\bin;C:\Program Files\Git\usr\local\bin;C:\Program Files\Git\usr\bin;C:\Program Files\Git\usr\bin;C:\Program Files\Git\mingw64\bin;C:\Program Files\Git\usr\bin;C:\Users\Naveen\bin;C:\ProgramData\Oracle\Java\javapath;C:\WINDOWS\system32;C:\WINDOWS;C:\WINDOWS\System32\Wbem;C:\WINDOWS\System32\WindowsPowerShell\v1.0;C:\WINDOWS\system32\config\systemprofile\.dnx\bin;C:\Program Files\Microsoft DNX\Dnvm;C:\Program Files\Microsoft SQL Server\120\Tools\Binn;C:\Program Files\Microsoft SQL Server\130\Tools\Binn;C:\Program Files (x86)\Microsoft SQL Server\100\Tools\Binn;C:\Program Files\Microsoft SQL Server\100\Tools\Binn;C:\Program Files\Microsoft SQL Server\100\DTS\Binn;C:\Program Files\Microsoft SQL Server\110\Tools\Binn;C:\Program Files (x86)\Microsoft SQL Server\110\Tools\Binn\ManagementStudio;C:\Program Files (x86)\Microsoft SQL Server\110\Tools\Binn;C:\Program Files (x86)\Microsoft SQL Server\110\DTS\Binn;C:\Program Files (x86)\Java\jdk1.8.0_101\bin;C:\Program Files (x86)\apache-maven-3.5.0\bin;C:\Program Files (x86)\Skype\Phone;C:\Program Files\Git\usr\bin;C:\Program Files\Java\jdk1.8.0_131\bin;C:\Users\Naveen\AppData\Local\Android\sdk\platform-tools;C:\xampp\php;C:\ProgramData\ComposerSetup\bin;C:\Program Files\nodejs;C:\Users\Naveen\AppData\Local\Programs\Python\Python36\Scripts;C:\Users\Naveen\AppData\Local\Programs\Python\Python36;C:\Users\Naveen\AppData\Local\Microsoft\WindowsApps;C:\Users\Naveen\AppData\Local\atom\bin;C:\Program Files (x86)\Microsoft VS Code\bin;C:\Program Files\Heroku\bin;C:\Program Files (x86)\Java\jdk1.8.0_101\bin;C:\Users\Naveen\AppData\Local\Microsoft\WindowsApps;C:\Program Files\Java\jdk1.8.0_131\bin;C:\Program Files\MongoDB\Server\3.4\bin;C:\Program Files\Docker Toolbox;C:\xampp\php;C:\Users\Naveen\AppData\Roaming\Composer\vendor\bin;C:\Users\Naveen\AppData\Roaming\npm;C:\Program Files\Git\usr\bin\vendor_perl;C:\Program Files\Git\usr\bin\core_perl

Yarn version: 
  1.3.2

Node version: 
  8.9.4

Platform: 
  win32 x64

npm manifest: 
  No manifest

yarn manifest: 
  No manifest

Lockfile: 
  No lockfile

Trace: 
  Error: Can't answer a question unless a user TTY
      at ConsoleReporter.question (C:\Users\Naveen\AppData\Roaming\npm\node_modules\yarn\lib\cli.js:87314:59)
      at Object.<anonymous> (C:\Users\Naveen\AppData\Roaming\npm\node_modules\yarn\lib\cli.js:81822:38)
      at Generator.next (<anonymous>)
      at step (C:\Users\Naveen\AppData\Roaming\npm\node_modules\yarn\lib\cli.js:92:30)
      at C:\Users\Naveen\AppData\Roaming\npm\node_modules\yarn\lib\cli.js:103:13
      at <anonymous>
